SCNR::UI::CLI v1.0dev - SCNR::Engine v1.0dev


[~] No checks were specified, loading all.
[~] No element audit options were specified, will audit links, forms, cookies, UI inputs, UI forms, JSONs and XMLs.

[*] Initializing...
[*] Preparing plugins...
[*] ... done.
[*] BrowserPool: Initializing 4 Chrome browsers...
[*] BrowserPool: Spawned with PID 21576 [lifeline at PID 21567].
[*] BrowserPool: Spawned with PID 21586 [lifeline at PID 21571].
[*] BrowserPool: Spawned with PID 21575 [lifeline at PID 21569].
[*] BrowserPool: Spawned with PID 21574 [lifeline at PID 21568].
[*] BrowserPool: Initialization completed with 4 browsers in the pool.
[-] Retrying for: http://172.31.3.192:8081/ [Couldn't connect to server]
[-] Retrying for: http://172.31.3.192:8081/ [Couldn't connect to server]
[-] Retrying for: http://172.31.3.192:8081/ [Couldn't connect to server]
[-] Retrying for: http://172.31.3.192:8081/ [Couldn't connect to server]
[-] Retrying for: http://172.31.3.192:8081/ [Couldn't connect to server]


================================================================================


[+] Web Application Security Report - SCNR::Engine Framework

[~] Report generated on: 2022-06-08 06:57:26 +0000

[+] System settings:
[~] ---------------
[~] Version:           1.0dev
[~] Seed:              a95baf4bcfabd685bd6b6cd7a4dcb43f
[~] Audit started on:  2022-06-08 06:57:24 +0000
[~] Audit finished on: 2022-06-08 06:57:26 +0000
[~] Runtime:           00:00:01

[~] URL:        http://172.31.3.192:8081/
[~] User agent: 

[*] Audited elements: 
[~] * Links
[~] * Forms
[~] * Cookies
[~] * XMLs
[~] * JSONs
[~] * UI inputs
[~] * UI forms

[*] Checks: *

[*] Filters: 
[~]   Include:
[~]     (?i-mx:172.31.3.192)

[~] ===========================

[+] 0 issues were detected.


[~] Report saved at: /home/ubuntu/Orchestration/reports/WebApplication/08-06-2022/1654671441/Report_8_6_2022_6_57_21.ser [0.0MB]
[~] The scan has logged errors: /home/ubuntu/Tools/SCNR/scnr-1.0dev-1.0dev-1.0dev/bin/../.system/../logs/engine/error-21525.log

[~] Audited 0 page snapshots.

[~] Duration: 00:00:01
[~] Processed 12/12 HTTP requests -- timed-out: 0
[~] -- 541.365 requests/second.
[~] Processed 0/0 browser jobs -- timed-out: 0
[~] -- 0 second/job.

[~] Burst response time sum     0.0 seconds
[~] Burst response count        2
[~] Burst average response time 0.0 seconds
[~] Burst average               11.838 requests/second
[~] Original max concurrency    10
[~] Throttled max concurrency   10

